<?xml version="1.0" encoding="UTF-8"?>
<!-- Generated by org.testng.reporters.JUnitReportReporter -->
<testsuite hostname="DESKTOP-NFTVRKJ" failures="0" tests="1" name="TestNg.ex6_Keywords_timeout" time="0.028" errors="0" timestamp="2024-12-28T23:36:51 IST" skipped="0">
  <testcase classname="TestNg.ex6_Keywords_timeout" name="tc1" time="0.028">
    <system-out>
      <![CDATA[TC1 executed]]>
    </system-out>
  </testcase> <!-- tc1 -->
  <system-out>
    <![CDATA[TC1 executed]]>
  </system-out>
</testsuite> <!-- TestNg.ex6_Keywords_timeout -->
