<?xml version="1.0" encoding="UTF-8"?>
<!-- Generated by org.testng.reporters.JUnitReportReporter -->
<testsuite hostname="DESKTOP-NFTVRKJ" failures="0" tests="3" name="TestNg.Sample2" time="0.010" errors="0" timestamp="2024-12-29T00:26:44 IST" skipped="0">
  <testcase classname="TestNg.Sample2" name="name5" time="0.005">
    <system-out>
      <![CDATA[name2]]>
    </system-out>
  </testcase> <!-- name5 -->
  <testcase classname="TestNg.Sample2" name="name4" time="0.003">
    <system-out>
      <![CDATA[name1]]>
    </system-out>
  </testcase> <!-- name4 -->
  <testcase classname="TestNg.Sample2" name="name6" time="0.002">
    <system-out>
      <![CDATA[name3]]>
    </system-out>
  </testcase> <!-- name6 -->
  <system-out>
    <![CDATA[name1
name2
name3
name1
name2
name3]]>
  </system-out>
</testsuite> <!-- TestNg.Sample2 -->
