<?xml version="1.0" encoding="UTF-8"?>
<!-- Generated by org.testng.reporters.JUnitReportReporter -->
<testsuite hostname="DESKTOP-NFTVRKJ" failures="0" tests="2" name="TestNg.ex15_MultibrowserTesting" time="79.725" errors="0" timestamp="2025-01-04T21:47:29 IST" skipped="0">
  <testcase classname="TestNg.ex15_MultibrowserTesting" name="Tc" time="38.806"/>
  <testcase classname="TestNg.ex15_MultibrowserTesting" name="Tc" time="40.919"/>
</testsuite> <!-- TestNg.ex15_MultibrowserTesting -->
