<?xml version="1.0" encoding="UTF-8"?>
<!-- Generated by org.testng.reporters.JUnitReportReporter -->
<testsuite hostname="DESKTOP-NFTVRKJ" failures="0" tests="1" name="TestNg.Ex12_AssertNotEqual" time="0.013" errors="0" timestamp="2025-01-04T19:49:50 IST" skipped="0">
  <testcase classname="TestNg.Ex12_AssertNotEqual" name="Tc2" time="0.013"/>
</testsuite> <!-- TestNg.Ex12_AssertNotEqual -->
