<?xml version="1.0" encoding="UTF-8"?>
<!-- Generated by org.testng.reporters.JUnitReportReporter -->
<testsuite hostname="DESKTOP-NFTVRKJ" failures="0" tests="1" name="TestNG_Practice.ex3_AllAnotations" time="0.011" errors="0" timestamp="2024-12-28T00:47:06 IST" skipped="0">
  <testcase classname="TestNG_Practice.ex3_AllAnotations" name="tc1" time="0.011">
    <system-out>
      <![CDATA[TC1]]>
    </system-out>
  </testcase> <!-- tc1 -->
  <system-out>
    <![CDATA[Opening the browser
Login
TC1
Logout
CloseBrowser]]>
  </system-out>
</testsuite> <!-- TestNG_Practice.ex3_AllAnotations -->
