<?xml version="1.0" encoding="UTF-8"?>
<!-- Generated by org.testng.reporters.JUnitReportReporter -->
<testsuite hostname="DESKTOP-NFTVRKJ" failures="0" tests="3" name="TestNg.sample3" time="0.006" errors="0" timestamp="2024-12-29T00:30:55 IST" skipped="0">
  <testcase classname="TestNg.sample3" name="tc1" time="0.002">
    <system-out>
      <![CDATA[TC1]]>
    </system-out>
  </testcase> <!-- tc1 -->
  <testcase classname="TestNg.sample3" name="tc3" time="0.001">
    <system-out>
      <![CDATA[TC3]]>
    </system-out>
  </testcase> <!-- tc3 -->
  <testcase classname="TestNg.sample3" name="tc2" time="0.003">
    <system-out>
      <![CDATA[TC2]]>
    </system-out>
  </testcase> <!-- tc2 -->
  <system-out>
    <![CDATA[TC4
TC
TC6
TC1
TC2
TC3]]>
  </system-out>
</testsuite> <!-- TestNg.sample3 -->
