<?xml version="1.0" encoding="UTF-8"?>
<!-- Generated by org.testng.reporters.JUnitReportReporter -->
<testsuite hostname="DESKTOP-NFTVRKJ" failures="0" tests="4" name="TestNg.groupingPractice1" time="0.041" errors="0" timestamp="2025-01-04T19:14:47 IST" skipped="0">
  <testcase classname="TestNg.groupingPractice1" name="tc4" time="0.008"/>
  <testcase classname="TestNg.groupingPractice1" name="tc3" time="0.005"/>
  <testcase classname="TestNg.groupingPractice1" name="tc2" time="0.025"/>
  <testcase classname="TestNg.groupingPractice1" name="tc5" time="0.003"/>
</testsuite> <!-- TestNg.groupingPractice1 -->
