<?xml version="1.0" encoding="UTF-8"?>
<!-- Generated by org.testng.reporters.JUnitReportReporter -->
<testsuite hostname="DESKTOP-NFTVRKJ" failures="0" tests="3" name="TestNg.ex7_Keywords_depends" time="0.032" errors="0" timestamp="2025-05-16T14:09:03 IST" skipped="0">
  <testcase classname="TestNg.ex7_Keywords_depends" name="aignUp" time="0.009">
    <system-out>
      <![CDATA[Signup]]>
    </system-out>
  </testcase> <!-- aignUp -->
  <testcase classname="TestNg.ex7_Keywords_depends" name="aogin" time="0.020">
    <system-out>
      <![CDATA[login]]>
    </system-out>
  </testcase> <!-- aogin -->
  <testcase classname="TestNg.ex7_Keywords_depends" name="openBrowser" time="0.003">
    <system-out>
      <![CDATA[Opening the browser]]>
    </system-out>
  </testcase> <!-- openBrowser -->
  <system-out>
    <![CDATA[login
Opening the browser
Signup]]>
  </system-out>
</testsuite> <!-- TestNg.ex7_Keywords_depends -->
