<?xml version="1.0" encoding="UTF-8"?>
<!-- Generated by org.testng.reporters.JUnitReportReporter -->
<testsuite hostname="DESKTOP-NFTVRKJ" failures="0" tests="1" name="TestNG_Practice.ex1_TestNG_CLASS" time="5.379" errors="0" timestamp="2024-12-27T23:48:54 IST" skipped="0">
  <testcase classname="TestNG_Practice.ex1_TestNG_CLASS" name="name" time="5.379"/>
</testsuite> <!-- TestNG_Practice.ex1_TestNG_CLASS -->
