<?xml version="1.0" encoding="UTF-8"?>
<!-- Generated by org.testng.reporters.JUnitReportReporter -->
<testsuite hostname="DESKTOP-NFTVRKJ" failures="0" tests="1" name="TestNg_AssertsionPractice.assertFalse" time="0.020" errors="0" timestamp="2025-03-30T15:17:41 IST" skipped="0">
  <testcase classname="TestNg_AssertsionPractice.assertFalse" name="tc1" time="0.020"/>
</testsuite> <!-- TestNg_AssertsionPractice.assertFalse -->
