<?xml version="1.0" encoding="UTF-8"?>
<!-- Generated by org.testng.reporters.JUnitReportReporter -->
<testsuite hostname="DESKTOP-NFTVRKJ" failures="0" tests="1" name="TestNg.ex10_Parallel1" time="12.427" errors="0" timestamp="2025-01-04T19:39:07 IST" skipped="0">
  <testcase classname="TestNg.ex10_Parallel1" name="Tc1" time="12.427"/>
</testsuite> <!-- TestNg.ex10_Parallel1 -->
