<?xml version="1.0" encoding="UTF-8"?>
<!-- Generated by org.testng.reporters.JUnitReportReporter -->
<testsuite hostname="DESKTOP-NFTVRKJ" failures="0" tests="4" name="TestNg.ex5_Keywords_Priority" time="0.023" errors="0" timestamp="2025-05-22T17:06:50 IST" skipped="0">
  <testcase classname="TestNg.ex5_Keywords_Priority" name="tc3" time="0.011">
    <system-out>
      <![CDATA[TC3]]>
    </system-out>
  </testcase> <!-- tc3 -->
  <testcase classname="TestNg.ex5_Keywords_Priority" name="tc1" time="0.004">
    <system-out>
      <![CDATA[TC1]]>
    </system-out>
  </testcase> <!-- tc1 -->
  <testcase classname="TestNg.ex5_Keywords_Priority" name="tc2" time="0.003">
    <system-out>
      <![CDATA[TC2]]>
    </system-out>
  </testcase> <!-- tc2 -->
  <testcase classname="TestNg.ex5_Keywords_Priority" name="tc4" time="0.005">
    <system-out>
      <![CDATA[TC4]]>
    </system-out>
  </testcase> <!-- tc4 -->
  <system-out>
    <![CDATA[TC3
TC1
TC2
TC4]]>
  </system-out>
</testsuite> <!-- TestNg.ex5_Keywords_Priority -->
