<?xml version="1.0" encoding="UTF-8"?>
<!-- Generated by org.testng.reporters.JUnitReportReporter -->
<testsuite hostname="DESKTOP-NFTVRKJ" failures="0" tests="1" name="TestNg.ex1_TestNgClass" time="18.659" errors="0" timestamp="2025-01-01T00:40:40 IST" skipped="0">
  <testcase classname="TestNg.ex1_TestNgClass" name="Tc" time="18.659"/>
</testsuite> <!-- TestNg.ex1_TestNgClass -->
