<?xml version="1.0" encoding="UTF-8"?>
<!-- Generated by org.testng.reporters.JUnitReportReporter -->
<testsuite hostname="DESKTOP-NFTVRKJ" failures="0" tests="4" name="TestNg.ex2_EmailableReport" time="0.023" errors="0" timestamp="2024-12-27T23:35:48 IST" skipped="0">
  <testcase classname="TestNg.ex2_EmailableReport" name="Tc2" time="0.005">
    <system-out>
      <![CDATA[showing Tc2]]>
    </system-out>
  </testcase> <!-- Tc2 -->
  <testcase classname="TestNg.ex2_EmailableReport" name="Tc4" time="0.003">
    <system-out>
      <![CDATA[showing Tc4]]>
    </system-out>
  </testcase> <!-- Tc4 -->
  <testcase classname="TestNg.ex2_EmailableReport" name="Tc3" time="0.003">
    <system-out>
      <![CDATA[showing Tc3]]>
    </system-out>
  </testcase> <!-- Tc3 -->
  <testcase classname="TestNg.ex2_EmailableReport" name="Tc1" time="0.012">
    <system-out>
      <![CDATA[showing Tc1]]>
    </system-out>
  </testcase> <!-- Tc1 -->
  <system-out>
    <![CDATA[showing Tc1
showing Tc2
showing Tc3
showing Tc4]]>
  </system-out>
</testsuite> <!-- TestNg.ex2_EmailableReport -->
