<?xml version="1.0" encoding="UTF-8"?>
<!-- Generated by org.testng.reporters.JUnitReportReporter -->
<testsuite hostname="DESKTOP-NFTVRKJ" failures="0" tests="4" name="TestNg.tc6_Keywords_InvocationCount" time="0.026" errors="0" timestamp="2024-12-28T23:30:27 IST" skipped="0">
  <testcase classname="TestNg.tc6_Keywords_InvocationCount" name="Tc1" time="0.002">
    <system-out>
      <![CDATA[TC1]]>
    </system-out>
  </testcase> <!-- Tc1 -->
  <testcase classname="TestNg.tc6_Keywords_InvocationCount" name="Tc1" time="0.005">
    <system-out>
      <![CDATA[TC1]]>
    </system-out>
  </testcase> <!-- Tc1 -->
  <testcase classname="TestNg.tc6_Keywords_InvocationCount" name="Tc1" time="0.003">
    <system-out>
      <![CDATA[TC1]]>
    </system-out>
  </testcase> <!-- Tc1 -->
  <testcase classname="TestNg.tc6_Keywords_InvocationCount" name="Tc1" time="0.016">
    <system-out>
      <![CDATA[TC1]]>
    </system-out>
  </testcase> <!-- Tc1 -->
  <system-out>
    <![CDATA[TC1
TC1
TC1
TC1]]>
  </system-out>
</testsuite> <!-- TestNg.tc6_Keywords_InvocationCount -->
