<?xml version="1.0" encoding="UTF-8"?>
<!-- Generated by org.testng.reporters.JUnitReportReporter -->
<testsuite hostname="DESKTOP-NFTVRKJ" failures="0" tests="1" name="TestNg.ex14_AssertFalse$ex13_AssertTrue" time="0.018" errors="0" timestamp="2025-01-04T19:53:59 IST" skipped="0">
  <testcase classname="TestNg.ex14_AssertFalse$ex13_AssertTrue" name="Tc" time="0.018"/>
</testsuite> <!-- TestNg.ex14_AssertFalse$ex13_AssertTrue -->
