<?xml version="1.0" encoding="UTF-8"?>
<!-- Generated by org.testng.reporters.JUnitReportReporter -->
<testsuite hostname="DESKTOP-NFTVRKJ" failures="0" tests="4" name="TestNG_Practice.ex2_Emailable_Report" time="0.026" errors="0" timestamp="2024-12-27T23:50:48 IST" skipped="0">
  <testcase classname="TestNG_Practice.ex2_Emailable_Report" name="tc2" time="0.006">
    <system-out>
      <![CDATA[TC2]]>
    </system-out>
  </testcase> <!-- tc2 -->
  <testcase classname="TestNG_Practice.ex2_Emailable_Report" name="tc4" time="0.002">
    <system-out>
      <![CDATA[TC4]]>
    </system-out>
  </testcase> <!-- tc4 -->
  <testcase classname="TestNG_Practice.ex2_Emailable_Report" name="tc3" time="0.005">
    <system-out>
      <![CDATA[TC3]]>
    </system-out>
  </testcase> <!-- tc3 -->
  <testcase classname="TestNG_Practice.ex2_Emailable_Report" name="tc1" time="0.013">
    <system-out>
      <![CDATA[TC1]]>
    </system-out>
  </testcase> <!-- tc1 -->
  <system-out>
    <![CDATA[TC1
TC2
TC3
TC4]]>
  </system-out>
</testsuite> <!-- TestNG_Practice.ex2_Emailable_Report -->
