<?xml version="1.0" encoding="UTF-8"?>
<!-- Generated by org.testng.reporters.JUnitReportReporter -->
<testsuite hostname="DESKTOP-NFTVRKJ" failures="0" tests="3" name="TestNg.ex4_Keywords_Enable" time="0.024" errors="0" timestamp="2025-03-30T15:09:50 IST" skipped="1">
  <testcase classname="TestNg.ex4_Keywords_Enable" name="tc3" time="0.003">
    <system-out>
      <![CDATA[TC3]]>
    </system-out>
  </testcase> <!-- tc3 -->
  <testcase classname="TestNg.ex4_Keywords_Enable" name="tc1" time="0.021">
    <system-out>
      <![CDATA[TC1]]>
    </system-out>
  </testcase> <!-- tc1 -->
  <testcase classname="TestNg.ex4_Keywords_Enable" name="tc2">
    <skipped/>
  </testcase> <!-- tc2 -->
  <system-out>
    <![CDATA[TC1
TC3]]>
  </system-out>
</testsuite> <!-- TestNg.ex4_Keywords_Enable -->
