<?xml version="1.0" encoding="UTF-8"?>
<!-- Generated by org.testng.reporters.JUnitReportReporter -->
<testsuite hostname="DESKTOP-NFTVRKJ" failures="0" tests="1" name="TestNg.ex8_GroupingClass1" time="0.019" errors="0" timestamp="2025-01-04T18:59:09 IST" skipped="0">
  <testcase classname="TestNg.ex8_GroupingClass1" name="Tc2" time="0.019"/>
</testsuite> <!-- TestNg.ex8_GroupingClass1 -->
