<?xml version="1.0" encoding="UTF-8"?>
<!-- Generated by org.testng.reporters.JUnitReportReporter -->
<testsuite hostname="DESKTOP-NFTVRKJ" failures="0" tests="1" name="TestNg.ex8_GroupingClass1" time="0.024" errors="0" timestamp="2025-04-27T10:47:10 IST" skipped="0">
  <testcase classname="TestNg.ex8_GroupingClass1" name="Tc2" time="0.024"/>
</testsuite> <!-- TestNg.ex8_GroupingClass1 -->
