<?xml version="1.0" encoding="UTF-8"?>
<!-- Generated by org.testng.reporters.JUnitReportReporter -->
<testsuite hostname="DESKTOP-NFTVRKJ" failures="0" tests="1" name="TestNg.ex11_AssertEqual1" time="0.016" errors="0" timestamp="2025-01-04T19:46:19 IST" skipped="0">
  <testcase classname="TestNg.ex11_AssertEqual1" name="Tc1" time="0.016"/>
</testsuite> <!-- TestNg.ex11_AssertEqual1 -->
