<?xml version="1.0" encoding="UTF-8"?>
<!-- Generated by org.testng.reporters.JUnitReportReporter -->
<testsuite hostname="DESKTOP-NFTVRKJ" failures="0" tests="4" name="TestNg.groupingPractice2" time="0.013" errors="0" timestamp="2025-01-04T19:14:47 IST" skipped="0">
  <testcase classname="TestNg.groupingPractice2" name="tc13" time="0.005"/>
  <testcase classname="TestNg.groupingPractice2" name="tc11" time="0.004"/>
  <testcase classname="TestNg.groupingPractice2" name="tc12" time="0.002"/>
  <testcase classname="TestNg.groupingPractice2" name="tc14" time="0.002"/>
</testsuite> <!-- TestNg.groupingPractice2 -->
