<?xml version="1.0" encoding="UTF-8"?>
<!-- Generated by org.testng.reporters.JUnitReportReporter -->
<testsuite hostname="DESKTOP-NFTVRKJ" failures="0" tests="1" name="TestNg_AssertsionPractice.asserttion_notEquals" time="0.032" errors="0" timestamp="2025-01-04T19:59:47 IST" skipped="0">
  <testcase classname="TestNg_AssertsionPractice.asserttion_notEquals" name="tc1" time="0.032"/>
</testsuite> <!-- TestNg_AssertsionPractice.asserttion_notEquals -->
