<?xml version="1.0" encoding="UTF-8"?>
<!-- Generated by org.testng.reporters.JUnitReportReporter -->
<testsuite hostname="DESKTOP-NFTVRKJ" failures="0" tests="1" name="TestNg.Ex10_Parallel3" time="28.056" errors="0" timestamp="2025-05-22T17:09:04 IST" skipped="0">
  <testcase classname="TestNg.Ex10_Parallel3" name="Tc3" time="28.056"/>
</testsuite> <!-- TestNg.Ex10_Parallel3 -->
