<?xml version="1.0" encoding="UTF-8"?>
<!-- Generated by org.testng.reporters.JUnitReportReporter -->
<testsuite hostname="DESKTOP-NFTVRKJ" failures="0" tests="3" name="TestNg.sample1" time="0.024" errors="0" timestamp="2024-12-29T00:26:44 IST" skipped="0">
  <testcase classname="TestNg.sample1" name="name3" time="0.007">
    <system-out>
      <![CDATA[name3]]>
    </system-out>
  </testcase> <!-- name3 -->
  <testcase classname="TestNg.sample1" name="name1" time="0.015">
    <system-out>
      <![CDATA[name1]]>
    </system-out>
  </testcase> <!-- name1 -->
  <testcase classname="TestNg.sample1" name="name2" time="0.002">
    <system-out>
      <![CDATA[name2]]>
    </system-out>
  </testcase> <!-- name2 -->
  <system-out>
    <![CDATA[name1
name2
name3
name1
name2
name3]]>
  </system-out>
</testsuite> <!-- TestNg.sample1 -->
