<?xml version="1.0" encoding="UTF-8"?>
<!-- Generated by org.testng.reporters.JUnitReportReporter -->
<testsuite hostname="DESKTOP-NFTVRKJ" failures="0" tests="1" name="TestNg.ex10_Parallel2" time="24.938" errors="0" timestamp="2025-05-22T17:09:04 IST" skipped="0">
  <testcase classname="TestNg.ex10_Parallel2" name="Tc2" time="24.938"/>
</testsuite> <!-- TestNg.ex10_Parallel2 -->
