<?xml version="1.0" encoding="UTF-8"?>
<!-- Generated by org.testng.reporters.JUnitReportReporter -->
<testsuite hostname="DESKTOP-NFTVRKJ" failures="0" tests="2" name="TestNg.ex3_TestNgAnnotation" time="0.030" errors="0" timestamp="2024-12-29T00:34:40 IST" skipped="0">
  <testcase classname="TestNg.ex3_TestNgAnnotation" name="verifyLogo1" time="0.016">
    <system-out>
      <![CDATA[verify the logo1]]>
    </system-out>
  </testcase> <!-- verifyLogo1 -->
  <testcase classname="TestNg.ex3_TestNgAnnotation" name="verifyLogo" time="0.014">
    <system-out>
      <![CDATA[verify the logo]]>
    </system-out>
  </testcase> <!-- verifyLogo -->
  <system-out>
    <![CDATA[TC4
TC
TC6
Open Browser
login the page
verify the logo1
logout the page
login the page
verify the logo
logout the page
Close the Browser]]>
  </system-out>
</testsuite> <!-- TestNg.ex3_TestNgAnnotation -->
