<?xml version="1.0" encoding="UTF-8"?>
<!-- Generated by org.testng.reporters.JUnitReportReporter -->
<testsuite hostname="DESKTOP-NFTVRKJ" failures="0" tests="1" name="TestNg_AssertsionPractice.AssertionEquals" time="0.014" errors="0" timestamp="2025-01-04T19:57:44 IST" skipped="0">
  <testcase classname="TestNg_AssertsionPractice.AssertionEquals" name="tc1" time="0.014"/>
</testsuite> <!-- TestNg_AssertsionPractice.AssertionEquals -->
