<?xml version="1.0" encoding="UTF-8"?>
<!-- Generated by org.testng.reporters.JUnitReportReporter -->
<testsuite hostname="DESKTOP-NFTVRKJ" failures="0" tests="3" name="TestNg.sample4" time="0.040" errors="0" timestamp="2024-12-29T00:34:40 IST" skipped="0">
  <testcase classname="TestNg.sample4" name="tc4" time="0.021">
    <system-out>
      <![CDATA[TC4]]>
    </system-out>
  </testcase> <!-- tc4 -->
  <testcase classname="TestNg.sample4" name="tc6" time="0.013">
    <system-out>
      <![CDATA[TC6]]>
    </system-out>
  </testcase> <!-- tc6 -->
  <testcase classname="TestNg.sample4" name="tc5" time="0.006">
    <system-out>
      <![CDATA[TC]]>
    </system-out>
  </testcase> <!-- tc5 -->
  <system-out>
    <![CDATA[TC4
TC
TC6
Open Browser
login the page
verify the logo1
logout the page
login the page
verify the logo
logout the page
Close the Browser]]>
  </system-out>
</testsuite> <!-- TestNg.sample4 -->
