<?xml version="1.0" encoding="UTF-8"?>
<!-- Generated by org.testng.reporters.JUnitReportReporter -->
<testsuite hostname="DESKTOP-NFTVRKJ" failures="0" tests="2" name="TestNg.ex9_GroupingClass2" time="0.012" errors="0" timestamp="2025-04-27T10:47:10 IST" skipped="0">
  <testcase classname="TestNg.ex9_GroupingClass2" name="Tc4" time="0.006"/>
  <testcase classname="TestNg.ex9_GroupingClass2" name="Tc6" time="0.006"/>
</testsuite> <!-- TestNg.ex9_GroupingClass2 -->
